2013-12-03 04:31:24.006 HelloWorld[2700:80b] Multi-tasking -> Device: YES, App: YES
2013-12-03 04:31:24.023 HelloWorld[2700:80b] Unlimited access to network resources
2013-12-03 04:31:24.280 HelloWorld[2700:80b] Resetting plugins due to page load.
2013-12-03 04:31:24.426 HelloWorld[2700:80b] Finished load of: file:///Users/me/Library/Application%20Support/iPhone%20Simulator/7.0.3/Applications/5AF51A5A-6678-49B2-B8AB-2F989C29141F/HelloWorld.app/www/index.html
2013-12-03 04:58:28.107 HelloWorld[4345:80b] Multi-tasking -> Device: YES, App: YES
2013-12-03 04:58:28.132 HelloWorld[4345:80b] Unlimited access to network resources
2013-12-03 04:58:28.436 HelloWorld[4345:80b] Resetting plugins due to page load.
2013-12-03 04:58:28.554 HelloWorld[4345:80b] Finished load of: file:///Users/me/Library/Application%20Support/iPhone%20Simulator/7.0.3/Applications/5AF51A5A-6678-49B2-B8AB-2F989C29141F/HelloWorld.app/www/index.html
2013-12-03 18:32:09.184 HelloWorld[6280:80b] Multi-tasking -> Device: YES, App: YES
2013-12-03 18:32:09.208 HelloWorld[6280:80b] Unlimited access to network resources
2013-12-03 18:32:09.569 HelloWorld[6280:80b] Resetting plugins due to page load.
2013-12-03 18:32:09.679 HelloWorld[6280:80b] Finished load of: file:///Users/me/Library/Application%20Support/iPhone%20Simulator/7.0.3/Applications/5AF51A5A-6678-49B2-B8AB-2F989C29141F/HelloWorld.app/www/index.html
2013-12-03 18:32:50.508 HelloWorld[6865:80b] Multi-tasking -> Device: YES, App: YES
2013-12-03 18:32:50.516 HelloWorld[6865:80b] Unlimited access to network resources
2013-12-03 18:32:50.622 HelloWorld[6865:80b] Resetting plugins due to page load.
2013-12-03 18:32:50.717 HelloWorld[6865:80b] Finished load of: file:///Users/me/Library/Application%20Support/iPhone%20Simulator/7.0.3/Applications/5AF51A5A-6678-49B2-B8AB-2F989C29141F/HelloWorld.app/www/index.html
2014-01-10 23:19:44.791 HelloWorld[1850:80b] Multi-tasking -> Device: YES, App: YES
2014-01-10 23:19:44.819 HelloWorld[1850:80b] Unlimited access to network resources
2014-01-10 23:19:45.208 HelloWorld[1850:80b] Resetting plugins due to page load.
2014-01-10 23:19:45.333 HelloWorld[1850:80b] Finished load of: file:///Users/me/Library/Application%20Support/iPhone%20Simulator/7.0.3/Applications/50C45C31-486A-48A7-9E06-06CACFCBE038/HelloWorld.app/www/index.html
